[2020-12-28 13:03:18] development.ERROR: Twig\Error\SyntaxError: Unexpected end of template in "/home/pekhov/Projects/octo.loc/themes/octo/partials/blog-slider.htm" at line 12. in /home/pekhov/Projects/octo.loc/vendor/twig/twig/src/TokenStream.php:50
Stack trace:
#0 /home/pekhov/Projects/octo.loc/vendor/twig/twig/src/TokenParser/ForTokenParser.php(53): Twig\TokenStream->next()
#1 /home/pekhov/Projects/octo.loc/vendor/twig/twig/src/Parser.php(185): Twig\TokenParser\ForTokenParser->parse(Object(Twig\Token))
#2 /home/pekhov/Projects/octo.loc/vendor/twig/twig/src/Parser.php(98): Twig\Parser->subparse(NULL, false)
#3 /home/pekhov/Projects/octo.loc/vendor/twig/twig/src/Environment.php(563): Twig\Parser->parse(Object(Twig\TokenStream))
#4 /home/pekhov/Projects/octo.loc/vendor/twig/twig/src/Environment.php(595): Twig\Environment->parse(Object(Twig\TokenStream))
#5 /home/pekhov/Projects/octo.loc/vendor/twig/twig/src/Environment.php(408): Twig\Environment->compileSource(Object(Twig\Source))
#6 /home/pekhov/Projects/octo.loc/vendor/twig/twig/src/Environment.php(381): Twig\Environment->loadClass('__TwigTemplate_...', '/home/pekhov/Pr...', NULL)
#7 /home/pekhov/Projects/octo.loc/modules/cms/classes/Controller.php(1087): Twig\Environment->loadTemplate('/home/pekhov/Pr...')
#8 /home/pekhov/Projects/octo.loc/modules/cms/twig/Extension.php(102): Cms\Classes\Controller->renderPartial('blogPosts', Array, true)
#9 /home/pekhov/Projects/octo.loc/storage/cms/twig/ae/ae8bc1a47ad4fa62f71f5a2d6e1ade5ed80f507ce4009b69f20dd00bd9c7378f.php(871): Cms\Twig\Extension->partialFunction('blog-slider', Array, true)
#10 /home/pekhov/Projects/octo.loc/vendor/twig/twig/src/Template.php(407): __TwigTemplate_ce244048701880731a37d84e18c6a1fa36aec67e45891a1d26c335dfa75f4c59->doDisplay(Array, Array)
#11 /home/pekhov/Projects/octo.loc/vendor/twig/twig/src/Template.php(380): Twig\Template->displayWithErrorHandling(Array, Array)
#12 /home/pekhov/Projects/octo.loc/vendor/twig/twig/src/Template.php(392): Twig\Template->display(Array)
#13 /home/pekhov/Projects/octo.loc/modules/cms/classes/Controller.php(425): Twig\Template->render(Array)
#14 /home/pekhov/Projects/octo.loc/modules/cms/classes/Controller.php(225): Cms\Classes\Controller->runPage(Object(Cms\Classes\Page))
#15 /home/pekhov/Projects/octo.loc/modules/cms/classes/CmsController.php(50): Cms\Classes\Controller->run('/')
#16 [internal function]: Cms\Classes\CmsController->run('/')
#17 /home/pekhov/Projects/octo.loc/vendor/laravel/framework/src/Illuminate/Routing/Controller.php(54): call_user_func_array(Array, Array)
#18 /home/pekhov/Projects/octo.loc/vendor/laravel/framework/src/Illuminate/Routing/ControllerDispatcher.php(45): Illuminate\Routing\Controller->callAction('run', Array)
#19 /home/pekhov/Projects/octo.loc/vendor/laravel/framework/src/Illuminate/Routing/Route.php(212): Illuminate\Routing\ControllerDispatcher->dispatch(Object(Illuminate\Routing\Route), Object(Cms\Classes\CmsController), 'run')
#20 /home/pekhov/Projects/octo.loc/vendor/laravel/framework/src/Illuminate/Routing/Route.php(169): Illuminate\Routing\Route->runController()
#21 /home/pekhov/Projects/octo.loc/vendor/laravel/framework/src/Illuminate/Routing/Router.php(658): Illuminate\Routing\Route->run()
#22 /home/pekhov/Projects/octo.loc/vendor/laravel/framework/src/Illuminate/Routing/Pipeline.php(30): Illuminate\Routing\Router->Illuminate\Routing\{closure}(Object(Illuminate\Http\Request))
#23 /home/pekhov/Projects/octo.loc/vendor/laravel/framework/src/Illuminate/Routing/Middleware/SubstituteBindings.php(41): Illuminate\Routing\Pipeline->Illuminate\Routing\{closure}(Object(Illuminate\Http\Request))
#24 /home/pekhov/Projects/octo.loc/vendor/laravel/framework/src/Illuminate/Pipeline/Pipeline.php(149): Illuminate\Routing\Middleware\SubstituteBindings->handle(Object(Illuminate\Http\Request), Object(Closure))
#25 /home/pekhov/Projects/octo.loc/vendor/laravel/framework/src/Illuminate/Routing/Pipeline.php(53): Illuminate\Pipeline\Pipeline->Illuminate\Pipeline\{closure}(Object(Illuminate\Http\Request))
#26 /home/pekhov/Projects/octo.loc/vendor/laravel/framework/src/Illuminate/View/Middleware/ShareErrorsFromSession.php(49): Illuminate\Routing\Pipeline->Illuminate\Routing\{closure}(Object(Illuminate\Http\Request))
#27 /home/pekhov/Projects/octo.loc/vendor/laravel/framework/src/Illuminate/Pipeline/Pipeline.php(149): Illuminate\View\Middleware\ShareErrorsFromSession->handle(Object(Illuminate\Http\Request), Object(Closure))
#28 /home/pekhov/Projects/octo.loc/vendor/laravel/framework/src/Illuminate/Routing/Pipeline.php(53): Illuminate\Pipeline\Pipeline->Illuminate\Pipeline\{closure}(Object(Illuminate\Http\Request))
#29 /home/pekhov/Projects/octo.loc/vendor/laravel/framework/src/Illuminate/Session/Middleware/StartSession.php(63): Illuminate\Routing\Pipeline->Illuminate\Routing\{closure}(Object(Illuminate\Http\Request))
#30 /home/pekhov/Projects/octo.loc/vendor/laravel/framework/src/Illuminate/Pipeline/Pipeline.php(149): Illuminate\Session\Middleware\StartSession->handle(Object(Illuminate\Http\Request), Object(Closure))
#31 /home/pekhov/Projects/octo.loc/vendor/laravel/framework/src/Illuminate/Routing/Pipeline.php(53): Illuminate\Pipeline\Pipeline->Illuminate\Pipeline\{closure}(Object(Illuminate\Http\Request))
#32 /home/pekhov/Projects/octo.loc/vendor/laravel/framework/src/Illuminate/Cookie/Middleware/AddQueuedCookiesToResponse.php(37): Illuminate\Routing\Pipeline->Illuminate\Routing\{closure}(Object(Illuminate\Http\Request))
#33 /home/pekhov/Projects/octo.loc/vendor/laravel/framework/src/Illuminate/Pipeline/Pipeline.php(149): Illuminate\Cookie\Middleware\AddQueuedCookiesToResponse->handle(Object(Illuminate\Http\Request), Object(Closure))
#34 /home/pekhov/Projects/octo.loc/vendor/laravel/framework/src/Illuminate/Routing/Pipeline.php(53): Illuminate\Pipeline\Pipeline->Illuminate\Pipeline\{closure}(Object(Illuminate\Http\Request))
#35 /home/pekhov/Projects/octo.loc/vendor/laravel/framework/src/Illuminate/Cookie/Middleware/EncryptCookies.php(68): Illuminate\Routing\Pipeline->Illuminate\Routing\{closure}(Object(Illuminate\Http\Request))
#36 /home/pekhov/Projects/octo.loc/vendor/laravel/framework/src/Illuminate/Pipeline/Pipeline.php(149): Illuminate\Cookie\Middleware\EncryptCookies->handle(Object(Illuminate\Http\Request), Object(Closure))
#37 /home/pekhov/Projects/octo.loc/vendor/laravel/framework/src/Illuminate/Routing/Pipeline.php(53): Illuminate\Pipeline\Pipeline->Illuminate\Pipeline\{closure}(Object(Illuminate\Http\Request))
#38 /home/pekhov/Projects/octo.loc/vendor/laravel/framework/src/Illuminate/Pipeline/Pipeline.php(102): Illuminate\Routing\Pipeline->Illuminate\Routing\{closure}(Object(Illuminate\Http\Request))
#39 /home/pekhov/Projects/octo.loc/vendor/laravel/framework/src/Illuminate/Routing/Router.php(660): Illuminate\Pipeline\Pipeline->then(Object(Closure))
#40 /home/pekhov/Projects/octo.loc/vendor/laravel/framework/src/Illuminate/Routing/Router.php(635): Illuminate\Routing\Router->runRouteWithinStack(Object(Illuminate\Routing\Route), Object(Illuminate\Http\Request))
#41 /home/pekhov/Projects/octo.loc/vendor/laravel/framework/src/Illuminate/Routing/Router.php(601): Illuminate\Routing\Router->runRoute(Object(Illuminate\Http\Request), Object(Illuminate\Routing\Route))
#42 /home/pekhov/Projects/octo.loc/vendor/october/rain/src/Router/CoreRouter.php(20): Illuminate\Routing\Router->dispatchToRoute(Object(Illuminate\Http\Request))
#43 /home/pekhov/Projects/octo.loc/vendor/laravel/framework/src/Illuminate/Foundation/Http/Kernel.php(176): October\Rain\Router\CoreRouter->dispatch(Object(Illuminate\Http\Request))
#44 /home/pekhov/Projects/octo.loc/vendor/laravel/framework/src/Illuminate/Routing/Pipeline.php(30): Illuminate\Foundation\Http\Kernel->Illuminate\Foundation\Http\{closure}(Object(Illuminate\Http\Request))
#45 /home/pekhov/Projects/octo.loc/vendor/laravel/framework/src/Illuminate/Foundation/Http/Middleware/CheckForMaintenanceMode.php(46): Illuminate\Routing\Pipeline->Illuminate\Routing\{closure}(Object(Illuminate\Http\Request))
#46 /home/pekhov/Projects/octo.loc/vendor/october/rain/src/Foundation/Http/Middleware/CheckForMaintenanceMode.php(25): Illuminate\Foundation\Http\Middleware\CheckForMaintenanceMode->handle(Object(Illuminate\Http\Request), Object(Closure))
#47 /home/pekhov/Projects/octo.loc/vendor/laravel/framework/src/Illuminate/Pipeline/Pipeline.php(149): October\Rain\Foundation\Http\Middleware\CheckForMaintenanceMode->handle(Object(Illuminate\Http\Request), Object(Closure))
#48 /home/pekhov/Projects/octo.loc/vendor/laravel/framework/src/Illuminate/Routing/Pipeline.php(53): Illuminate\Pipeline\Pipeline->Illuminate\Pipeline\{closure}(Object(Illuminate\Http\Request))
#49 /home/pekhov/Projects/octo.loc/vendor/laravel/framework/src/Illuminate/Pipeline/Pipeline.php(102): Illuminate\Routing\Pipeline->Illuminate\Routing\{closure}(Object(Illuminate\Http\Request))
#50 /home/pekhov/Projects/octo.loc/vendor/laravel/framework/src/Illuminate/Foundation/Http/Kernel.php(151): Illuminate\Pipeline\Pipeline->then(Object(Closure))
#51 /home/pekhov/Projects/octo.loc/vendor/laravel/framework/src/Illuminate/Foundation/Http/Kernel.php(116): Illuminate\Foundation\Http\Kernel->sendRequestThroughRouter(Object(Illuminate\Http\Request))
#52 /home/pekhov/Projects/octo.loc/index.php(43): Illuminate\Foundation\Http\Kernel->handle(Object(Illuminate\Http\Request))
#53 {main}  
[2020-12-28 13:04:15] development.ERROR: Twig\Error\SyntaxError: Unexpected character ";" in "/home/pekhov/Projects/octo.loc/themes/octo/partials/blog-slider.htm" at line 27. in /home/pekhov/Projects/octo.loc/vendor/twig/twig/src/Lexer.php:365
Stack trace:
#0 /home/pekhov/Projects/octo.loc/vendor/twig/twig/src/Lexer.php(281): Twig\Lexer->lexExpression()
#1 /home/pekhov/Projects/octo.loc/vendor/twig/twig/src/Lexer.php(182): Twig\Lexer->lexBlock()
#2 /home/pekhov/Projects/octo.loc/vendor/twig/twig/src/Environment.php(542): Twig\Lexer->tokenize(Object(Twig\Source))
#3 /home/pekhov/Projects/octo.loc/vendor/twig/twig/src/Environment.php(595): Twig\Environment->tokenize(Object(Twig\Source))
#4 /home/pekhov/Projects/octo.loc/vendor/twig/twig/src/Environment.php(408): Twig\Environment->compileSource(Object(Twig\Source))
#5 /home/pekhov/Projects/octo.loc/vendor/twig/twig/src/Environment.php(381): Twig\Environment->loadClass('__TwigTemplate_...', '/home/pekhov/Pr...', NULL)
#6 /home/pekhov/Projects/octo.loc/modules/cms/classes/Controller.php(1087): Twig\Environment->loadTemplate('/home/pekhov/Pr...')
#7 /home/pekhov/Projects/octo.loc/modules/cms/twig/Extension.php(102): Cms\Classes\Controller->renderPartial('blogPosts', Array, true)
#8 /home/pekhov/Projects/octo.loc/storage/cms/twig/ae/ae8bc1a47ad4fa62f71f5a2d6e1ade5ed80f507ce4009b69f20dd00bd9c7378f.php(871): Cms\Twig\Extension->partialFunction('blog-slider', Array, true)
#9 /home/pekhov/Projects/octo.loc/vendor/twig/twig/src/Template.php(407): __TwigTemplate_ce244048701880731a37d84e18c6a1fa36aec67e45891a1d26c335dfa75f4c59->doDisplay(Array, Array)
#10 /home/pekhov/Projects/octo.loc/vendor/twig/twig/src/Template.php(380): Twig\Template->displayWithErrorHandling(Array, Array)
#11 /home/pekhov/Projects/octo.loc/vendor/twig/twig/src/Template.php(392): Twig\Template->display(Array)
#12 /home/pekhov/Projects/octo.loc/modules/cms/classes/Controller.php(425): Twig\Template->render(Array)
#13 /home/pekhov/Projects/octo.loc/modules/cms/classes/Controller.php(225): Cms\Classes\Controller->runPage(Object(Cms\Classes\Page))
#14 /home/pekhov/Projects/octo.loc/modules/cms/classes/CmsController.php(50): Cms\Classes\Controller->run('/')
#15 [internal function]: Cms\Classes\CmsController->run('/')
#16 /home/pekhov/Projects/octo.loc/vendor/laravel/framework/src/Illuminate/Routing/Controller.php(54): call_user_func_array(Array, Array)
#17 /home/pekhov/Projects/octo.loc/vendor/laravel/framework/src/Illuminate/Routing/ControllerDispatcher.php(45): Illuminate\Routing\Controller->callAction('run', Array)
#18 /home/pekhov/Projects/octo.loc/vendor/laravel/framework/src/Illuminate/Routing/Route.php(212): Illuminate\Routing\ControllerDispatcher->dispatch(Object(Illuminate\Routing\Route), Object(Cms\Classes\CmsController), 'run')
#19 /home/pekhov/Projects/octo.loc/vendor/laravel/framework/src/Illuminate/Routing/Route.php(169): Illuminate\Routing\Route->runController()
#20 /home/pekhov/Projects/octo.loc/vendor/laravel/framework/src/Illuminate/Routing/Router.php(658): Illuminate\Routing\Route->run()
#21 /home/pekhov/Projects/octo.loc/vendor/laravel/framework/src/Illuminate/Routing/Pipeline.php(30): Illuminate\Routing\Router->Illuminate\Routing\{closure}(Object(Illuminate\Http\Request))
#22 /home/pekhov/Projects/octo.loc/vendor/laravel/framework/src/Illuminate/Routing/Middleware/SubstituteBindings.php(41): Illuminate\Routing\Pipeline->Illuminate\Routing\{closure}(Object(Illuminate\Http\Request))
#23 /home/pekhov/Projects/octo.loc/vendor/laravel/framework/src/Illuminate/Pipeline/Pipeline.php(149): Illuminate\Routing\Middleware\SubstituteBindings->handle(Object(Illuminate\Http\Request), Object(Closure))
#24 /home/pekhov/Projects/octo.loc/vendor/laravel/framework/src/Illuminate/Routing/Pipeline.php(53): Illuminate\Pipeline\Pipeline->Illuminate\Pipeline\{closure}(Object(Illuminate\Http\Request))
#25 /home/pekhov/Projects/octo.loc/vendor/laravel/framework/src/Illuminate/View/Middleware/ShareErrorsFromSession.php(49): Illuminate\Routing\Pipeline->Illuminate\Routing\{closure}(Object(Illuminate\Http\Request))
#26 /home/pekhov/Projects/octo.loc/vendor/laravel/framework/src/Illuminate/Pipeline/Pipeline.php(149): Illuminate\View\Middleware\ShareErrorsFromSession->handle(Object(Illuminate\Http\Request), Object(Closure))
#27 /home/pekhov/Projects/octo.loc/vendor/laravel/framework/src/Illuminate/Routing/Pipeline.php(53): Illuminate\Pipeline\Pipeline->Illuminate\Pipeline\{closure}(Object(Illuminate\Http\Request))
#28 /home/pekhov/Projects/octo.loc/vendor/laravel/framework/src/Illuminate/Session/Middleware/StartSession.php(63): Illuminate\Routing\Pipeline->Illuminate\Routing\{closure}(Object(Illuminate\Http\Request))
#29 /home/pekhov/Projects/octo.loc/vendor/laravel/framework/src/Illuminate/Pipeline/Pipeline.php(149): Illuminate\Session\Middleware\StartSession->handle(Object(Illuminate\Http\Request), Object(Closure))
#30 /home/pekhov/Projects/octo.loc/vendor/laravel/framework/src/Illuminate/Routing/Pipeline.php(53): Illuminate\Pipeline\Pipeline->Illuminate\Pipeline\{closure}(Object(Illuminate\Http\Request))
#31 /home/pekhov/Projects/octo.loc/vendor/laravel/framework/src/Illuminate/Cookie/Middleware/AddQueuedCookiesToResponse.php(37): Illuminate\Routing\Pipeline->Illuminate\Routing\{closure}(Object(Illuminate\Http\Request))
#32 /home/pekhov/Projects/octo.loc/vendor/laravel/framework/src/Illuminate/Pipeline/Pipeline.php(149): Illuminate\Cookie\Middleware\AddQueuedCookiesToResponse->handle(Object(Illuminate\Http\Request), Object(Closure))
#33 /home/pekhov/Projects/octo.loc/vendor/laravel/framework/src/Illuminate/Routing/Pipeline.php(53): Illuminate\Pipeline\Pipeline->Illuminate\Pipeline\{closure}(Object(Illuminate\Http\Request))
#34 /home/pekhov/Projects/octo.loc/vendor/laravel/framework/src/Illuminate/Cookie/Middleware/EncryptCookies.php(68): Illuminate\Routing\Pipeline->Illuminate\Routing\{closure}(Object(Illuminate\Http\Request))
#35 /home/pekhov/Projects/octo.loc/vendor/laravel/framework/src/Illuminate/Pipeline/Pipeline.php(149): Illuminate\Cookie\Middleware\EncryptCookies->handle(Object(Illuminate\Http\Request), Object(Closure))
#36 /home/pekhov/Projects/octo.loc/vendor/laravel/framework/src/Illuminate/Routing/Pipeline.php(53): Illuminate\Pipeline\Pipeline->Illuminate\Pipeline\{closure}(Object(Illuminate\Http\Request))
#37 /home/pekhov/Projects/octo.loc/vendor/laravel/framework/src/Illuminate/Pipeline/Pipeline.php(102): Illuminate\Routing\Pipeline->Illuminate\Routing\{closure}(Object(Illuminate\Http\Request))
#38 /home/pekhov/Projects/octo.loc/vendor/laravel/framework/src/Illuminate/Routing/Router.php(660): Illuminate\Pipeline\Pipeline->then(Object(Closure))
#39 /home/pekhov/Projects/octo.loc/vendor/laravel/framework/src/Illuminate/Routing/Router.php(635): Illuminate\Routing\Router->runRouteWithinStack(Object(Illuminate\Routing\Route), Object(Illuminate\Http\Request))
#40 /home/pekhov/Projects/octo.loc/vendor/laravel/framework/src/Illuminate/Routing/Router.php(601): Illuminate\Routing\Router->runRoute(Object(Illuminate\Http\Request), Object(Illuminate\Routing\Route))
#41 /home/pekhov/Projects/octo.loc/vendor/october/rain/src/Router/CoreRouter.php(20): Illuminate\Routing\Router->dispatchToRoute(Object(Illuminate\Http\Request))
#42 /home/pekhov/Projects/octo.loc/vendor/laravel/framework/src/Illuminate/Foundation/Http/Kernel.php(176): October\Rain\Router\CoreRouter->dispatch(Object(Illuminate\Http\Request))
#43 /home/pekhov/Projects/octo.loc/vendor/laravel/framework/src/Illuminate/Routing/Pipeline.php(30): Illuminate\Foundation\Http\Kernel->Illuminate\Foundation\Http\{closure}(Object(Illuminate\Http\Request))
#44 /home/pekhov/Projects/octo.loc/vendor/laravel/framework/src/Illuminate/Foundation/Http/Middleware/CheckForMaintenanceMode.php(46): Illuminate\Routing\Pipeline->Illuminate\Routing\{closure}(Object(Illuminate\Http\Request))
#45 /home/pekhov/Projects/octo.loc/vendor/october/rain/src/Foundation/Http/Middleware/CheckForMaintenanceMode.php(25): Illuminate\Foundation\Http\Middleware\CheckForMaintenanceMode->handle(Object(Illuminate\Http\Request), Object(Closure))
#46 /home/pekhov/Projects/octo.loc/vendor/laravel/framework/src/Illuminate/Pipeline/Pipeline.php(149): October\Rain\Foundation\Http\Middleware\CheckForMaintenanceMode->handle(Object(Illuminate\Http\Request), Object(Closure))
#47 /home/pekhov/Projects/octo.loc/vendor/laravel/framework/src/Illuminate/Routing/Pipeline.php(53): Illuminate\Pipeline\Pipeline->Illuminate\Pipeline\{closure}(Object(Illuminate\Http\Request))
#48 /home/pekhov/Projects/octo.loc/vendor/laravel/framework/src/Illuminate/Pipeline/Pipeline.php(102): Illuminate\Routing\Pipeline->Illuminate\Routing\{closure}(Object(Illuminate\Http\Request))
#49 /home/pekhov/Projects/octo.loc/vendor/laravel/framework/src/Illuminate/Foundation/Http/Kernel.php(151): Illuminate\Pipeline\Pipeline->then(Object(Closure))
#50 /home/pekhov/Projects/octo.loc/vendor/laravel/framework/src/Illuminate/Foundation/Http/Kernel.php(116): Illuminate\Foundation\Http\Kernel->sendRequestThroughRouter(Object(Illuminate\Http\Request))
#51 /home/pekhov/Projects/octo.loc/index.php(43): Illuminate\Foundation\Http\Kernel->handle(Object(Illuminate\Http\Request))
#52 {main}  
[2020-12-28 13:05:05] development.ERROR: Twig\Error\SyntaxError: Unexpected character ";" in "/home/pekhov/Projects/octo.loc/themes/octo/partials/blog-slider.htm" at line 27. in /home/pekhov/Projects/octo.loc/vendor/twig/twig/src/Lexer.php:365
Stack trace:
#0 /home/pekhov/Projects/octo.loc/vendor/twig/twig/src/Lexer.php(281): Twig\Lexer->lexExpression()
#1 /home/pekhov/Projects/octo.loc/vendor/twig/twig/src/Lexer.php(182): Twig\Lexer->lexBlock()
#2 /home/pekhov/Projects/octo.loc/vendor/twig/twig/src/Environment.php(542): Twig\Lexer->tokenize(Object(Twig\Source))
#3 /home/pekhov/Projects/octo.loc/vendor/twig/twig/src/Environment.php(595): Twig\Environment->tokenize(Object(Twig\Source))
#4 /home/pekhov/Projects/octo.loc/vendor/twig/twig/src/Environment.php(408): Twig\Environment->compileSource(Object(Twig\Source))
#5 /home/pekhov/Projects/octo.loc/vendor/twig/twig/src/Environment.php(381): Twig\Environment->loadClass('__TwigTemplate_...', '/home/pekhov/Pr...', NULL)
#6 /home/pekhov/Projects/octo.loc/modules/cms/classes/Controller.php(1087): Twig\Environment->loadTemplate('/home/pekhov/Pr...')
#7 /home/pekhov/Projects/octo.loc/modules/cms/twig/Extension.php(102): Cms\Classes\Controller->renderPartial('blogPosts', Array, true)
#8 /home/pekhov/Projects/octo.loc/storage/cms/twig/ae/ae8bc1a47ad4fa62f71f5a2d6e1ade5ed80f507ce4009b69f20dd00bd9c7378f.php(871): Cms\Twig\Extension->partialFunction('blog-slider', Array, true)
#9 /home/pekhov/Projects/octo.loc/vendor/twig/twig/src/Template.php(407): __TwigTemplate_ce244048701880731a37d84e18c6a1fa36aec67e45891a1d26c335dfa75f4c59->doDisplay(Array, Array)
#10 /home/pekhov/Projects/octo.loc/vendor/twig/twig/src/Template.php(380): Twig\Template->displayWithErrorHandling(Array, Array)
#11 /home/pekhov/Projects/octo.loc/vendor/twig/twig/src/Template.php(392): Twig\Template->display(Array)
#12 /home/pekhov/Projects/octo.loc/modules/cms/classes/Controller.php(425): Twig\Template->render(Array)
#13 /home/pekhov/Projects/octo.loc/modules/cms/classes/Controller.php(225): Cms\Classes\Controller->runPage(Object(Cms\Classes\Page))
#14 /home/pekhov/Projects/octo.loc/modules/cms/classes/CmsController.php(50): Cms\Classes\Controller->run('/')
#15 [internal function]: Cms\Classes\CmsController->run('/')
#16 /home/pekhov/Projects/octo.loc/vendor/laravel/framework/src/Illuminate/Routing/Controller.php(54): call_user_func_array(Array, Array)
#17 /home/pekhov/Projects/octo.loc/vendor/laravel/framework/src/Illuminate/Routing/ControllerDispatcher.php(45): Illuminate\Routing\Controller->callAction('run', Array)
#18 /home/pekhov/Projects/octo.loc/vendor/laravel/framework/src/Illuminate/Routing/Route.php(212): Illuminate\Routing\ControllerDispatcher->dispatch(Object(Illuminate\Routing\Route), Object(Cms\Classes\CmsController), 'run')
#19 /home/pekhov/Projects/octo.loc/vendor/laravel/framework/src/Illuminate/Routing/Route.php(169): Illuminate\Routing\Route->runController()
#20 /home/pekhov/Projects/octo.loc/vendor/laravel/framework/src/Illuminate/Routing/Router.php(658): Illuminate\Routing\Route->run()
#21 /home/pekhov/Projects/octo.loc/vendor/laravel/framework/src/Illuminate/Routing/Pipeline.php(30): Illuminate\Routing\Router->Illuminate\Routing\{closure}(Object(Illuminate\Http\Request))
#22 /home/pekhov/Projects/octo.loc/vendor/laravel/framework/src/Illuminate/Routing/Middleware/SubstituteBindings.php(41): Illuminate\Routing\Pipeline->Illuminate\Routing\{closure}(Object(Illuminate\Http\Request))
#23 /home/pekhov/Projects/octo.loc/vendor/laravel/framework/src/Illuminate/Pipeline/Pipeline.php(149): Illuminate\Routing\Middleware\SubstituteBindings->handle(Object(Illuminate\Http\Request), Object(Closure))
#24 /home/pekhov/Projects/octo.loc/vendor/laravel/framework/src/Illuminate/Routing/Pipeline.php(53): Illuminate\Pipeline\Pipeline->Illuminate\Pipeline\{closure}(Object(Illuminate\Http\Request))
#25 /home/pekhov/Projects/octo.loc/vendor/laravel/framework/src/Illuminate/View/Middleware/ShareErrorsFromSession.php(49): Illuminate\Routing\Pipeline->Illuminate\Routing\{closure}(Object(Illuminate\Http\Request))
#26 /home/pekhov/Projects/octo.loc/vendor/laravel/framework/src/Illuminate/Pipeline/Pipeline.php(149): Illuminate\View\Middleware\ShareErrorsFromSession->handle(Object(Illuminate\Http\Request), Object(Closure))
#27 /home/pekhov/Projects/octo.loc/vendor/laravel/framework/src/Illuminate/Routing/Pipeline.php(53): Illuminate\Pipeline\Pipeline->Illuminate\Pipeline\{closure}(Object(Illuminate\Http\Request))
#28 /home/pekhov/Projects/octo.loc/vendor/laravel/framework/src/Illuminate/Session/Middleware/StartSession.php(63): Illuminate\Routing\Pipeline->Illuminate\Routing\{closure}(Object(Illuminate\Http\Request))
#29 /home/pekhov/Projects/octo.loc/vendor/laravel/framework/src/Illuminate/Pipeline/Pipeline.php(149): Illuminate\Session\Middleware\StartSession->handle(Object(Illuminate\Http\Request), Object(Closure))
#30 /home/pekhov/Projects/octo.loc/vendor/laravel/framework/src/Illuminate/Routing/Pipeline.php(53): Illuminate\Pipeline\Pipeline->Illuminate\Pipeline\{closure}(Object(Illuminate\Http\Request))
#31 /home/pekhov/Projects/octo.loc/vendor/laravel/framework/src/Illuminate/Cookie/Middleware/AddQueuedCookiesToResponse.php(37): Illuminate\Routing\Pipeline->Illuminate\Routing\{closure}(Object(Illuminate\Http\Request))
#32 /home/pekhov/Projects/octo.loc/vendor/laravel/framework/src/Illuminate/Pipeline/Pipeline.php(149): Illuminate\Cookie\Middleware\AddQueuedCookiesToResponse->handle(Object(Illuminate\Http\Request), Object(Closure))
#33 /home/pekhov/Projects/octo.loc/vendor/laravel/framework/src/Illuminate/Routing/Pipeline.php(53): Illuminate\Pipeline\Pipeline->Illuminate\Pipeline\{closure}(Object(Illuminate\Http\Request))
#34 /home/pekhov/Projects/octo.loc/vendor/laravel/framework/src/Illuminate/Cookie/Middleware/EncryptCookies.php(68): Illuminate\Routing\Pipeline->Illuminate\Routing\{closure}(Object(Illuminate\Http\Request))
#35 /home/pekhov/Projects/octo.loc/vendor/laravel/framework/src/Illuminate/Pipeline/Pipeline.php(149): Illuminate\Cookie\Middleware\EncryptCookies->handle(Object(Illuminate\Http\Request), Object(Closure))
#36 /home/pekhov/Projects/octo.loc/vendor/laravel/framework/src/Illuminate/Routing/Pipeline.php(53): Illuminate\Pipeline\Pipeline->Illuminate\Pipeline\{closure}(Object(Illuminate\Http\Request))
#37 /home/pekhov/Projects/octo.loc/vendor/laravel/framework/src/Illuminate/Pipeline/Pipeline.php(102): Illuminate\Routing\Pipeline->Illuminate\Routing\{closure}(Object(Illuminate\Http\Request))
#38 /home/pekhov/Projects/octo.loc/vendor/laravel/framework/src/Illuminate/Routing/Router.php(660): Illuminate\Pipeline\Pipeline->then(Object(Closure))
#39 /home/pekhov/Projects/octo.loc/vendor/laravel/framework/src/Illuminate/Routing/Router.php(635): Illuminate\Routing\Router->runRouteWithinStack(Object(Illuminate\Routing\Route), Object(Illuminate\Http\Request))
#40 /home/pekhov/Projects/octo.loc/vendor/laravel/framework/src/Illuminate/Routing/Router.php(601): Illuminate\Routing\Router->runRoute(Object(Illuminate\Http\Request), Object(Illuminate\Routing\Route))
#41 /home/pekhov/Projects/octo.loc/vendor/october/rain/src/Router/CoreRouter.php(20): Illuminate\Routing\Router->dispatchToRoute(Object(Illuminate\Http\Request))
#42 /home/pekhov/Projects/octo.loc/vendor/laravel/framework/src/Illuminate/Foundation/Http/Kernel.php(176): October\Rain\Router\CoreRouter->dispatch(Object(Illuminate\Http\Request))
#43 /home/pekhov/Projects/octo.loc/vendor/laravel/framework/src/Illuminate/Routing/Pipeline.php(30): Illuminate\Foundation\Http\Kernel->Illuminate\Foundation\Http\{closure}(Object(Illuminate\Http\Request))
#44 /home/pekhov/Projects/octo.loc/vendor/laravel/framework/src/Illuminate/Foundation/Http/Middleware/CheckForMaintenanceMode.php(46): Illuminate\Routing\Pipeline->Illuminate\Routing\{closure}(Object(Illuminate\Http\Request))
#45 /home/pekhov/Projects/octo.loc/vendor/october/rain/src/Foundation/Http/Middleware/CheckForMaintenanceMode.php(25): Illuminate\Foundation\Http\Middleware\CheckForMaintenanceMode->handle(Object(Illuminate\Http\Request), Object(Closure))
#46 /home/pekhov/Projects/octo.loc/vendor/laravel/framework/src/Illuminate/Pipeline/Pipeline.php(149): October\Rain\Foundation\Http\Middleware\CheckForMaintenanceMode->handle(Object(Illuminate\Http\Request), Object(Closure))
#47 /home/pekhov/Projects/octo.loc/vendor/laravel/framework/src/Illuminate/Routing/Pipeline.php(53): Illuminate\Pipeline\Pipeline->Illuminate\Pipeline\{closure}(Object(Illuminate\Http\Request))
#48 /home/pekhov/Projects/octo.loc/vendor/laravel/framework/src/Illuminate/Pipeline/Pipeline.php(102): Illuminate\Routing\Pipeline->Illuminate\Routing\{closure}(Object(Illuminate\Http\Request))
#49 /home/pekhov/Projects/octo.loc/vendor/laravel/framework/src/Illuminate/Foundation/Http/Kernel.php(151): Illuminate\Pipeline\Pipeline->then(Object(Closure))
#50 /home/pekhov/Projects/octo.loc/vendor/laravel/framework/src/Illuminate/Foundation/Http/Kernel.php(116): Illuminate\Foundation\Http\Kernel->sendRequestThroughRouter(Object(Illuminate\Http\Request))
#51 /home/pekhov/Projects/octo.loc/index.php(43): Illuminate\Foundation\Http\Kernel->handle(Object(Illuminate\Http\Request))
#52 {main}  
[2020-12-28 14:12:05] development.ERROR: Twig\Error\SyntaxError: Unexpected "post" tag (expecting closing tag for the "for" tag defined near line 4) in "/home/pekhov/Projects/octo.loc/themes/octo/partials/blog-slider.htm" at line 9. in /home/pekhov/Projects/octo.loc/vendor/twig/twig/src/Parser.php:169
Stack trace:
#0 /home/pekhov/Projects/octo.loc/vendor/twig/twig/src/TokenParser/ForTokenParser.php(52): Twig\Parser->subparse(Array)
#1 /home/pekhov/Projects/octo.loc/vendor/twig/twig/src/Parser.php(185): Twig\TokenParser\ForTokenParser->parse(Object(Twig\Token))
#2 /home/pekhov/Projects/octo.loc/vendor/twig/twig/src/Parser.php(98): Twig\Parser->subparse(NULL, false)
#3 /home/pekhov/Projects/octo.loc/vendor/twig/twig/src/Environment.php(563): Twig\Parser->parse(Object(Twig\TokenStream))
#4 /home/pekhov/Projects/octo.loc/vendor/twig/twig/src/Environment.php(595): Twig\Environment->parse(Object(Twig\TokenStream))
#5 /home/pekhov/Projects/octo.loc/vendor/twig/twig/src/Environment.php(408): Twig\Environment->compileSource(Object(Twig\Source))
#6 /home/pekhov/Projects/octo.loc/vendor/twig/twig/src/Environment.php(381): Twig\Environment->loadClass('__TwigTemplate_...', '/home/pekhov/Pr...', NULL)
#7 /home/pekhov/Projects/octo.loc/modules/cms/classes/Controller.php(1087): Twig\Environment->loadTemplate('/home/pekhov/Pr...')
#8 /home/pekhov/Projects/octo.loc/modules/cms/twig/Extension.php(102): Cms\Classes\Controller->renderPartial('blogPosts', Array, true)
#9 /home/pekhov/Projects/octo.loc/storage/cms/twig/ae/ae8bc1a47ad4fa62f71f5a2d6e1ade5ed80f507ce4009b69f20dd00bd9c7378f.php(871): Cms\Twig\Extension->partialFunction('blog-slider', Array, true)
#10 /home/pekhov/Projects/octo.loc/vendor/twig/twig/src/Template.php(407): __TwigTemplate_ce244048701880731a37d84e18c6a1fa36aec67e45891a1d26c335dfa75f4c59->doDisplay(Array, Array)
#11 /home/pekhov/Projects/octo.loc/vendor/twig/twig/src/Template.php(380): Twig\Template->displayWithErrorHandling(Array, Array)
#12 /home/pekhov/Projects/octo.loc/vendor/twig/twig/src/Template.php(392): Twig\Template->display(Array)
#13 /home/pekhov/Projects/octo.loc/modules/cms/classes/Controller.php(425): Twig\Template->render(Array)
#14 /home/pekhov/Projects/octo.loc/modules/cms/classes/Controller.php(225): Cms\Classes\Controller->runPage(Object(Cms\Classes\Page))
#15 /home/pekhov/Projects/octo.loc/modules/cms/classes/CmsController.php(50): Cms\Classes\Controller->run('/')
#16 [internal function]: Cms\Classes\CmsController->run('/')
#17 /home/pekhov/Projects/octo.loc/vendor/laravel/framework/src/Illuminate/Routing/Controller.php(54): call_user_func_array(Array, Array)
#18 /home/pekhov/Projects/octo.loc/vendor/laravel/framework/src/Illuminate/Routing/ControllerDispatcher.php(45): Illuminate\Routing\Controller->callAction('run', Array)
#19 /home/pekhov/Projects/octo.loc/vendor/laravel/framework/src/Illuminate/Routing/Route.php(212): Illuminate\Routing\ControllerDispatcher->dispatch(Object(Illuminate\Routing\Route), Object(Cms\Classes\CmsController), 'run')
#20 /home/pekhov/Projects/octo.loc/vendor/laravel/framework/src/Illuminate/Routing/Route.php(169): Illuminate\Routing\Route->runController()
#21 /home/pekhov/Projects/octo.loc/vendor/laravel/framework/src/Illuminate/Routing/Router.php(658): Illuminate\Routing\Route->run()
#22 /home/pekhov/Projects/octo.loc/vendor/laravel/framework/src/Illuminate/Routing/Pipeline.php(30): Illuminate\Routing\Router->Illuminate\Routing\{closure}(Object(Illuminate\Http\Request))
#23 /home/pekhov/Projects/octo.loc/vendor/laravel/framework/src/Illuminate/Routing/Middleware/SubstituteBindings.php(41): Illuminate\Routing\Pipeline->Illuminate\Routing\{closure}(Object(Illuminate\Http\Request))
#24 /home/pekhov/Projects/octo.loc/vendor/laravel/framework/src/Illuminate/Pipeline/Pipeline.php(149): Illuminate\Routing\Middleware\SubstituteBindings->handle(Object(Illuminate\Http\Request), Object(Closure))
#25 /home/pekhov/Projects/octo.loc/vendor/laravel/framework/src/Illuminate/Routing/Pipeline.php(53): Illuminate\Pipeline\Pipeline->Illuminate\Pipeline\{closure}(Object(Illuminate\Http\Request))
#26 /home/pekhov/Projects/octo.loc/vendor/laravel/framework/src/Illuminate/View/Middleware/ShareErrorsFromSession.php(49): Illuminate\Routing\Pipeline->Illuminate\Routing\{closure}(Object(Illuminate\Http\Request))
#27 /home/pekhov/Projects/octo.loc/vendor/laravel/framework/src/Illuminate/Pipeline/Pipeline.php(149): Illuminate\View\Middleware\ShareErrorsFromSession->handle(Object(Illuminate\Http\Request), Object(Closure))
#28 /home/pekhov/Projects/octo.loc/vendor/laravel/framework/src/Illuminate/Routing/Pipeline.php(53): Illuminate\Pipeline\Pipeline->Illuminate\Pipeline\{closure}(Object(Illuminate\Http\Request))
#29 /home/pekhov/Projects/octo.loc/vendor/laravel/framework/src/Illuminate/Session/Middleware/StartSession.php(63): Illuminate\Routing\Pipeline->Illuminate\Routing\{closure}(Object(Illuminate\Http\Request))
#30 /home/pekhov/Projects/octo.loc/vendor/laravel/framework/src/Illuminate/Pipeline/Pipeline.php(149): Illuminate\Session\Middleware\StartSession->handle(Object(Illuminate\Http\Request), Object(Closure))
#31 /home/pekhov/Projects/octo.loc/vendor/laravel/framework/src/Illuminate/Routing/Pipeline.php(53): Illuminate\Pipeline\Pipeline->Illuminate\Pipeline\{closure}(Object(Illuminate\Http\Request))
#32 /home/pekhov/Projects/octo.loc/vendor/laravel/framework/src/Illuminate/Cookie/Middleware/AddQueuedCookiesToResponse.php(37): Illuminate\Routing\Pipeline->Illuminate\Routing\{closure}(Object(Illuminate\Http\Request))
#33 /home/pekhov/Projects/octo.loc/vendor/laravel/framework/src/Illuminate/Pipeline/Pipeline.php(149): Illuminate\Cookie\Middleware\AddQueuedCookiesToResponse->handle(Object(Illuminate\Http\Request), Object(Closure))
#34 /home/pekhov/Projects/octo.loc/vendor/laravel/framework/src/Illuminate/Routing/Pipeline.php(53): Illuminate\Pipeline\Pipeline->Illuminate\Pipeline\{closure}(Object(Illuminate\Http\Request))
#35 /home/pekhov/Projects/octo.loc/vendor/laravel/framework/src/Illuminate/Cookie/Middleware/EncryptCookies.php(68): Illuminate\Routing\Pipeline->Illuminate\Routing\{closure}(Object(Illuminate\Http\Request))
#36 /home/pekhov/Projects/octo.loc/vendor/laravel/framework/src/Illuminate/Pipeline/Pipeline.php(149): Illuminate\Cookie\Middleware\EncryptCookies->handle(Object(Illuminate\Http\Request), Object(Closure))
#37 /home/pekhov/Projects/octo.loc/vendor/laravel/framework/src/Illuminate/Routing/Pipeline.php(53): Illuminate\Pipeline\Pipeline->Illuminate\Pipeline\{closure}(Object(Illuminate\Http\Request))
#38 /home/pekhov/Projects/octo.loc/vendor/laravel/framework/src/Illuminate/Pipeline/Pipeline.php(102): Illuminate\Routing\Pipeline->Illuminate\Routing\{closure}(Object(Illuminate\Http\Request))
#39 /home/pekhov/Projects/octo.loc/vendor/laravel/framework/src/Illuminate/Routing/Router.php(660): Illuminate\Pipeline\Pipeline->then(Object(Closure))
#40 /home/pekhov/Projects/octo.loc/vendor/laravel/framework/src/Illuminate/Routing/Router.php(635): Illuminate\Routing\Router->runRouteWithinStack(Object(Illuminate\Routing\Route), Object(Illuminate\Http\Request))
#41 /home/pekhov/Projects/octo.loc/vendor/laravel/framework/src/Illuminate/Routing/Router.php(601): Illuminate\Routing\Router->runRoute(Object(Illuminate\Http\Request), Object(Illuminate\Routing\Route))
#42 /home/pekhov/Projects/octo.loc/vendor/october/rain/src/Router/CoreRouter.php(20): Illuminate\Routing\Router->dispatchToRoute(Object(Illuminate\Http\Request))
#43 /home/pekhov/Projects/octo.loc/vendor/laravel/framework/src/Illuminate/Foundation/Http/Kernel.php(176): October\Rain\Router\CoreRouter->dispatch(Object(Illuminate\Http\Request))
#44 /home/pekhov/Projects/octo.loc/vendor/laravel/framework/src/Illuminate/Routing/Pipeline.php(30): Illuminate\Foundation\Http\Kernel->Illuminate\Foundation\Http\{closure}(Object(Illuminate\Http\Request))
#45 /home/pekhov/Projects/octo.loc/vendor/laravel/framework/src/Illuminate/Foundation/Http/Middleware/CheckForMaintenanceMode.php(46): Illuminate\Routing\Pipeline->Illuminate\Routing\{closure}(Object(Illuminate\Http\Request))
#46 /home/pekhov/Projects/octo.loc/vendor/october/rain/src/Foundation/Http/Middleware/CheckForMaintenanceMode.php(25): Illuminate\Foundation\Http\Middleware\CheckForMaintenanceMode->handle(Object(Illuminate\Http\Request), Object(Closure))
#47 /home/pekhov/Projects/octo.loc/vendor/laravel/framework/src/Illuminate/Pipeline/Pipeline.php(149): October\Rain\Foundation\Http\Middleware\CheckForMaintenanceMode->handle(Object(Illuminate\Http\Request), Object(Closure))
#48 /home/pekhov/Projects/octo.loc/vendor/laravel/framework/src/Illuminate/Routing/Pipeline.php(53): Illuminate\Pipeline\Pipeline->Illuminate\Pipeline\{closure}(Object(Illuminate\Http\Request))
#49 /home/pekhov/Projects/octo.loc/vendor/laravel/framework/src/Illuminate/Pipeline/Pipeline.php(102): Illuminate\Routing\Pipeline->Illuminate\Routing\{closure}(Object(Illuminate\Http\Request))
#50 /home/pekhov/Projects/octo.loc/vendor/laravel/framework/src/Illuminate/Foundation/Http/Kernel.php(151): Illuminate\Pipeline\Pipeline->then(Object(Closure))
#51 /home/pekhov/Projects/octo.loc/vendor/laravel/framework/src/Illuminate/Foundation/Http/Kernel.php(116): Illuminate\Foundation\Http\Kernel->sendRequestThroughRouter(Object(Illuminate\Http\Request))
#52 /home/pekhov/Projects/octo.loc/index.php(43): Illuminate\Foundation\Http\Kernel->handle(Object(Illuminate\Http\Request))
#53 {main}  
